[0.059s] Invoking command in '/home/nick/dev_ws/src/build/robot_projects_simulator': CMAKE_PREFIX_PATH=${CMAKE_PREFIX_PATH}:/opt/ros/foxy /usr/bin/cmake --build /home/nick/dev_ws/src/build/robot_projects_simulator -- -j4 -l4
[0.179s] [35m[1mScanning dependencies of target robot_projects_simulator[0m
[0.304s] [ 10%] [32mBuilding CXX object CMakeFiles/robot_projects_simulator.dir/src/simObject.cpp.o[0m
[0.921s] In file included from [01m[K/usr/include/c++/9/backward/strstream:50[m[K,
[0.921s]                  from [01m[K/home/nick/dev_ws/src/robot_projects_simulator/src/simObject.cpp:3[m[K:
[0.921s] [01m[K/usr/include/c++/9/backward/backward_warning.h:32:2:[m[K [01;35m[Kwarning: [m[K#warning This file includes at least one deprecated or antiquated header which may be removed without further notice at a future date. Please use a non-deprecated interface with equivalent functionality instead. For a listing of replacement headers and interfaces, consult the file backward_warning.h. To disable this warning use -Wno-deprecated. [[01;35m[K-Wcpp[m[K]
[0.922s]    32 | #[01;35m[Kwarning[m[K \
[0.922s]       |  [01;35m[K^~~~~~~[m[K
[5.444s] [01m[K/home/nick/dev_ws/src/robot_projects_simulator/src/simObject.cpp:[m[K In constructor â€˜[01m[KSimObject::SimObject(SimObjectConfiguration, IPublisher*, ControlAffineSystem*)[m[Kâ€™:
[5.444s] [01m[K/home/nick/dev_ws/src/robot_projects_simulator/src/simObject.cpp:17:19:[m[K [01;31m[Kerror: [m[Kexpected â€˜[01m[K{[m[Kâ€™ before â€˜[01m[K;[m[Kâ€™ token
[5.444s]    17 |       period(3000)[01;31m[K;[m[K
[5.445s]       |                   [01;31m[K^[m[K
[5.448s] [01m[K/home/nick/dev_ws/src/robot_projects_simulator/src/simObject.cpp:15:45:[m[K [01;35m[Kwarning: [m[Kunused parameter â€˜[01m[Kconf[m[Kâ€™ [[01;35m[K-Wunused-parameter[m[K]
[5.449s]    15 | SimObject::SimObject([01;35m[KSimObjectConfiguration conf[m[K, IPublisher * viz, ControlAffineSystem * dyn)
[5.449s]       |                      [01;35m[K~~~~~~~~~~~~~~~~~~~~~~~^~~~[m[K
[5.449s] [01m[K/home/nick/dev_ws/src/robot_projects_simulator/src/simObject.cpp:15:64:[m[K [01;35m[Kwarning: [m[Kunused parameter â€˜[01m[Kviz[m[Kâ€™ [[01;35m[K-Wunused-parameter[m[K]
[5.450s]    15 | SimObject::SimObject(SimObjectConfiguration conf, [01;35m[KIPublisher * viz[m[K, ControlAffineSystem * dyn)
[5.450s]       |                                                   [01;35m[K~~~~~~~~~~~~~^~~[m[K
[5.450s] [01m[K/home/nick/dev_ws/src/robot_projects_simulator/src/simObject.cpp:15:91:[m[K [01;35m[Kwarning: [m[Kunused parameter â€˜[01m[Kdyn[m[Kâ€™ [[01;35m[K-Wunused-parameter[m[K]
[5.450s]    15 | SimObject::SimObject(SimObjectConfiguration conf, IPublisher * viz, [01;35m[KControlAffineSystem * dyn[m[K)
[5.451s]       |                                                                     [01;35m[K~~~~~~~~~~~~~~~~~~~~~~^~~[m[K
[5.451s] [01m[K/home/nick/dev_ws/src/robot_projects_simulator/src/simObject.cpp:[m[K At global scope:
[5.451s] [01m[K/home/nick/dev_ws/src/robot_projects_simulator/src/simObject.cpp:17:19:[m[K [01;35m[Kwarning: [m[Kextra â€˜[01m[K;[m[Kâ€™ [[01;35m[K-Wpedantic[m[K]
[5.451s]    17 |       period(3000)[01;35m[K;[m[K
[5.451s]       |                   [01;35m[K^[m[K
[5.452s] [01m[K/home/nick/dev_ws/src/robot_projects_simulator/src/simObject.cpp:18:15:[m[K [01;31m[Kerror: [m[Kexpected constructor, destructor, or type conversion before â€˜[01m[K([m[Kâ€™ token
[5.452s]    18 |       lastCtrl[01;31m[K([m[KEigen::VectorXd::Zero(dynamics->dimU())),
[5.452s]       |               [01;31m[K^[m[K
[7.412s] make[2]: *** [CMakeFiles/robot_projects_simulator.dir/build.make:89: CMakeFiles/robot_projects_simulator.dir/src/simObject.cpp.o] Interrupt
[7.413s] make[1]: *** [CMakeFiles/Makefile2:107: CMakeFiles/robot_projects_simulator.dir/all] Interrupt
[7.438s] make: *** [Makefile:141: all] Interrupt
[7.449s] Invoked command in '/home/nick/dev_ws/src/build/robot_projects_simulator' returned '-2': CMAKE_PREFIX_PATH=${CMAKE_PREFIX_PATH}:/opt/ros/foxy /usr/bin/cmake --build /home/nick/dev_ws/src/build/robot_projects_simulator -- -j4 -l4
