[0.322s] Invoking command in '/home/nick/dev_ws/src/build/robot_projects_simulator': CMAKE_PREFIX_PATH=${CMAKE_PREFIX_PATH}:/opt/ros/foxy /usr/bin/cmake /home/nick/dev_ws/src/robot_projects_simulator -DCMAKE_INSTALL_PREFIX=/home/nick/dev_ws/src/install/robot_projects_simulator
[3.992s] -- The C compiler identification is GNU 9.3.0
[5.486s] -- The CXX compiler identification is GNU 9.3.0
[5.647s] -- Check for working C compiler: /usr/bin/cc
[5.902s] -- Check for working C compiler: /usr/bin/cc -- works
[5.908s] -- Detecting C compiler ABI info
[6.134s] -- Detecting C compiler ABI info - done
[6.181s] -- Detecting C compile features
[6.190s] -- Detecting C compile features - done
[6.202s] -- Check for working CXX compiler: /usr/bin/c++
[6.390s] -- Check for working CXX compiler: /usr/bin/c++ -- works
[6.392s] -- Detecting CXX compiler ABI info
[6.581s] -- Detecting CXX compiler ABI info - done
[6.609s] -- Detecting CXX compile features
[6.610s] -- Detecting CXX compile features - done
[6.897s] -- Found ament_cmake: 0.9.8 (/opt/ros/foxy/share/ament_cmake/cmake)
[6.981s] -- Found PythonInterp: /usr/bin/python3 (found suitable version "3.8.5", minimum required is "3") 
[6.982s] -- Using PYTHON_EXECUTABLE: /usr/bin/python3
[7.612s] -- Found rclcpp: 2.3.0 (/opt/ros/foxy/share/rclcpp/cmake)
[8.184s] -- Using all available rosidl_typesupport_c: rosidl_typesupport_fastrtps_c;rosidl_typesupport_introspection_c
[8.251s] -- Found rosidl_adapter: 1.2.0 (/opt/ros/foxy/share/rosidl_adapter/cmake)
[8.803s] -- Found OpenSSL: /usr/lib/x86_64-linux-gnu/libcrypto.so (found version "1.1.1f")  
[8.887s] -- Found FastRTPS: /opt/ros/foxy/include  
[9.184s] -- Using all available rosidl_typesupport_cpp: rosidl_typesupport_fastrtps_cpp;rosidl_typesupport_introspection_cpp
[9.473s] -- Found rmw_implementation_cmake: 1.0.2 (/opt/ros/foxy/share/rmw_implementation_cmake/cmake)
[9.480s] -- Using RMW implementation 'rmw_fastrtps_cpp' as default
[9.503s] -- Looking for pthread.h
[9.783s] -- Looking for pthread.h - found
[9.783s] -- Performing Test CMAKE_HAVE_LIBC_PTHREAD
[9.964s] -- Performing Test CMAKE_HAVE_LIBC_PTHREAD - Failed
[9.964s] -- Looking for pthread_create in pthreads
[10.081s] -- Looking for pthread_create in pthreads - not found
[10.081s] -- Looking for pthread_create in pthread
[10.219s] -- Looking for pthread_create in pthread - found
[10.221s] -- Found Threads: TRUE  
[10.760s] -- Found geometry_msgs: 2.0.3 (/opt/ros/foxy/share/geometry_msgs/cmake)
[10.883s] -- Found tf2: 0.13.9 (/opt/ros/foxy/share/tf2/cmake)
[11.000s] -- Found visualization_msgs: 2.0.3 (/opt/ros/foxy/share/visualization_msgs/cmake)
[11.181s] -- Found ament_lint_auto: 0.9.6 (/opt/ros/foxy/share/ament_lint_auto/cmake)
[11.484s] -- Added test 'copyright' to check source files copyright and LICENSE
[11.498s] -- Added test 'cppcheck' to perform static code analysis on C / C++ code
[11.498s] -- Configured cppcheck include dirs: $<BUILD_INTERFACE:/home/nick/dev_ws/src/robot_projects_simulator/include>
[11.498s] -- Configured cppcheck exclude dirs and/or files: 
[11.499s] -- Added test 'cpplint' to check C / C++ code against the Google style
[11.499s] -- Configured cpplint exclude dirs and/or files: 
[11.499s] -- Added test 'lint_cmake' to check CMake code style
[11.504s] -- Added test 'uncrustify' to check C / C++ code style
[11.504s] -- Configured uncrustify additional arguments: 
[11.506s] -- Added test 'xmllint' to check XML markup files
[11.546s] -- Configuring done
[11.641s] -- Generating done
[11.650s] -- Build files have been written to: /home/nick/dev_ws/src/build/robot_projects_simulator
[11.699s] Invoked command in '/home/nick/dev_ws/src/build/robot_projects_simulator' returned '0': CMAKE_PREFIX_PATH=${CMAKE_PREFIX_PATH}:/opt/ros/foxy /usr/bin/cmake /home/nick/dev_ws/src/robot_projects_simulator -DCMAKE_INSTALL_PREFIX=/home/nick/dev_ws/src/install/robot_projects_simulator
[11.725s] Invoking command in '/home/nick/dev_ws/src/build/robot_projects_simulator': CMAKE_PREFIX_PATH=${CMAKE_PREFIX_PATH}:/opt/ros/foxy /usr/bin/cmake --build /home/nick/dev_ws/src/build/robot_projects_simulator -- -j4 -l4
[11.828s] [35m[1mScanning dependencies of target robot_projects_simulator[0m
[13.090s] [ 10%] [32mBuilding CXX object CMakeFiles/robot_projects_simulator.dir/src/sensablePoint.cpp.o[0m
[13.107s] [ 20%] [32mBuilding CXX object CMakeFiles/robot_projects_simulator.dir/src/simulation.cpp.o[0m
[13.108s] [ 30%] [32mBuilding CXX object CMakeFiles/robot_projects_simulator.dir/src/simObject.cpp.o[0m
[13.119s] [ 40%] [32mBuilding CXX object CMakeFiles/robot_projects_simulator.dir/src/executables/simple_sim.cpp.o[0m
[14.660s] [ 50%] [32mBuilding CXX object CMakeFiles/robot_projects_simulator.dir/src/systems/controlAffineSystem.cpp.o[0m
[15.059s] In file included from [01m[K/usr/include/c++/9/backward/strstream:50[m[K,
[15.060s]                  from [01m[K/home/nick/dev_ws/src/robot_projects_simulator/src/simObject.cpp:3[m[K:
[15.060s] [01m[K/usr/include/c++/9/backward/backward_warning.h:32:2:[m[K [01;35m[Kwarning: [m[K#warning This file includes at least one deprecated or antiquated header which may be removed without further notice at a future date. Please use a non-deprecated interface with equivalent functionality instead. For a listing of replacement headers and interfaces, consult the file backward_warning.h. To disable this warning use -Wno-deprecated. [[01;35m[K-Wcpp[m[K]
[15.060s]    32 | #[01;35m[Kwarning[m[K \
[15.060s]       |  [01;35m[K^~~~~~~[m[K
[18.927s] In file included from [01m[K/home/nick/dev_ws/src/robot_projects_simulator/src/systems/controlAffineSystem.cpp:1[m[K:
[18.928s] [01m[K/home/nick/dev_ws/src/robot_projects_simulator/include/systems/controlAffineSystem.h:31:13:[m[K [01;31m[Kerror: [m[Kâ€˜[01m[Kgeometry_msgs[m[Kâ€™ does not name a type
[18.928s]    31 |     virtual [01;31m[Kgeometry_msgs[m[K::msg::Transform getTransform() = 0;
[18.928s]       |             [01;31m[K^~~~~~~~~~~~~[m[K
[19.945s] make[2]: *** [CMakeFiles/robot_projects_simulator.dir/build.make:115: CMakeFiles/robot_projects_simulator.dir/src/systems/controlAffineSystem.cpp.o] Error 1
[19.945s] make[2]: *** Waiting for unfinished jobs....
[21.571s] In file included from [01m[K/home/nick/dev_ws/src/robot_projects_simulator/include/ipublisher.h:6[m[K,
[21.571s]                  from [01m[K/home/nick/dev_ws/src/robot_projects_simulator/include/simObject.h:4[m[K,
[21.571s]                  from [01m[K/home/nick/dev_ws/src/robot_projects_simulator/src/executables/simple_sim.cpp:2[m[K:
[21.571s] [01m[K/home/nick/dev_ws/src/robot_projects_simulator/include/systems/controlAffineSystem.h:31:13:[m[K [01;31m[Kerror: [m[Kâ€˜[01m[Kgeometry_msgs[m[Kâ€™ does not name a type
[21.572s]    31 |     virtual [01;31m[Kgeometry_msgs[m[K::msg::Transform getTransform() = 0;
[21.572s]       |             [01;31m[K^~~~~~~~~~~~~[m[K
[21.959s] In file included from [01m[K/home/nick/dev_ws/src/robot_projects_simulator/src/executables/simple_sim.cpp:4[m[K:
[21.960s] [01m[K/home/nick/dev_ws/src/robot_projects_simulator/include/systems/simpleSE2.h:10:35:[m[K [01;31m[Kerror: [m[Kâ€˜[01m[Kgeometry_msgs::msg::Transform SimpleSE2::getTransform()[m[Kâ€™ marked â€˜[01m[Koverride[m[Kâ€™, but does not override
[21.960s]    10 |     geometry_msgs::msg::Transform [01;31m[KgetTransform[m[K() override;
[21.960s]       |                                   [01;31m[K^~~~~~~~~~~~[m[K
[22.050s] [01m[K/home/nick/dev_ws/src/robot_projects_simulator/src/executables/simple_sim.cpp:[m[K In function â€˜[01m[Kint main(int, char**)[m[Kâ€™:
[22.050s] [01m[K/home/nick/dev_ws/src/robot_projects_simulator/src/executables/simple_sim.cpp:31:8:[m[K [01;31m[Kerror: [m[Kâ€˜[01m[Kclass SimObjectConfiguration[m[Kâ€™ has no member named â€˜[01m[Kframe_id[m[Kâ€™; did you mean â€˜[01m[KframeId[m[Kâ€™?
[22.051s]    31 |   conf.[01;31m[Kframe_id[m[K = "base_link";
[22.051s]       |        [01;31m[K^~~~~~~~[m[K
[22.066s]       |        [32m[KframeId[m[K
[22.185s] In file included from [01m[K/home/nick/dev_ws/src/robot_projects_simulator/include/ipublisher.h:6[m[K,
[22.185s]                  from [01m[K/home/nick/dev_ws/src/robot_projects_simulator/include/simObject.h:4[m[K,
[22.185s]                  from [01m[K/home/nick/dev_ws/src/robot_projects_simulator/src/simObject.cpp:1[m[K:
[22.186s] [01m[K/home/nick/dev_ws/src/robot_projects_simulator/include/systems/controlAffineSystem.h:31:13:[m[K [01;31m[Kerror: [m[Kâ€˜[01m[Kgeometry_msgs[m[Kâ€™ does not name a type
[22.186s]    31 |     virtual [01;31m[Kgeometry_msgs[m[K::msg::Transform getTransform() = 0;
[22.186s]       |             [01;31m[K^~~~~~~~~~~~~[m[K
[22.738s] In file included from [01m[K/home/nick/dev_ws/src/robot_projects_simulator/src/simObject.cpp:1[m[K:
[22.738s] [01m[K/home/nick/dev_ws/src/robot_projects_simulator/include/simObject.h:[m[K In constructor â€˜[01m[KSimObject::SimObject(SimObjectConfiguration, IPublisher*, ControlAffineSystem*)[m[Kâ€™:
[22.738s] [01m[K/home/nick/dev_ws/src/robot_projects_simulator/include/simObject.h:38:12:[m[K [01;35m[Kwarning: [m[Kâ€˜[01m[KSimObject::name[m[Kâ€™ will be initialized after [[01;35m[K-Wreorder[m[K]
[22.738s]    38 |     string [01;35m[Kname[m[K;
[22.739s]       |            [01;35m[K^~~~[m[K
[22.739s] [01m[K/home/nick/dev_ws/src/robot_projects_simulator/include/simObject.h:34:18:[m[K [01;35m[Kwarning: [m[K  â€˜[01m[KIPublisher* SimObject::visualizer[m[Kâ€™ [[01;35m[K-Wreorder[m[K]
[22.739s]    34 |     IPublisher * [01;35m[Kvisualizer[m[K;
[22.739s]       |                  [01;35m[K^~~~~~~~~~[m[K
[22.739s] [01m[K/home/nick/dev_ws/src/robot_projects_simulator/src/simObject.cpp:15:1:[m[K [01;35m[Kwarning: [m[K  when initialized here [[01;35m[K-Wreorder[m[K]
[22.740s]    15 | [01;35m[KSimObject[m[K::SimObject(SimObjectConfiguration conf, IPublisher * viz, ControlAffineSystem * dyn)
[22.740s]       | [01;35m[K^~~~~~~~~[m[K
[22.740s] In file included from [01m[K/home/nick/dev_ws/src/robot_projects_simulator/src/simObject.cpp:1[m[K:
[22.740s] [01m[K/home/nick/dev_ws/src/robot_projects_simulator/include/simObject.h:35:27:[m[K [01;35m[Kwarning: [m[Kâ€˜[01m[KSimObject::dynamics[m[Kâ€™ will be initialized after [[01;35m[K-Wreorder[m[K]
[22.740s]    35 |     ControlAffineSystem * [01;35m[Kdynamics[m[K;
[22.741s]       |                           [01;35m[K^~~~~~~~[m[K
[22.741s] [01m[K/home/nick/dev_ws/src/robot_projects_simulator/include/simObject.h:31:14:[m[K [01;35m[Kwarning: [m[K  â€˜[01m[Krclcpp::Duration SimObject::period[m[Kâ€™ [[01;35m[K-Wreorder[m[K]
[22.741s]    31 |     Duration [01;35m[Kperiod[m[K;
[22.741s]       |              [01;35m[K^~~~~~[m[K
[22.741s] [01m[K/home/nick/dev_ws/src/robot_projects_simulator/src/simObject.cpp:15:1:[m[K [01;35m[Kwarning: [m[K  when initialized here [[01;35m[K-Wreorder[m[K]
[22.741s]    15 | [01;35m[KSimObject[m[K::SimObject(SimObjectConfiguration conf, IPublisher * viz, ControlAffineSystem * dyn)
[22.742s]       | [01;35m[K^~~~~~~~~[m[K
[22.742s] In file included from [01m[K/home/nick/dev_ws/src/robot_projects_simulator/src/simObject.cpp:1[m[K:
[22.743s] [01m[K/home/nick/dev_ws/src/robot_projects_simulator/include/simObject.h:31:14:[m[K [01;35m[Kwarning: [m[Kâ€˜[01m[KSimObject::period[m[Kâ€™ will be initialized after [[01;35m[K-Wreorder[m[K]
[22.743s]    31 |     Duration [01;35m[Kperiod[m[K;
[22.743s]       |              [01;35m[K^~~~~~[m[K
[22.743s] [01m[K/home/nick/dev_ws/src/robot_projects_simulator/include/simObject.h:29:21:[m[K [01;35m[Kwarning: [m[K  â€˜[01m[KEigen::VectorXd SimObject::lastCtrl[m[Kâ€™ [[01;35m[K-Wreorder[m[K]
[22.743s]    29 |     Eigen::VectorXd [01;35m[KlastCtrl[m[K;
[22.743s]       |                     [01;35m[K^~~~~~~~[m[K
[22.744s] [01m[K/home/nick/dev_ws/src/robot_projects_simulator/src/simObject.cpp:15:1:[m[K [01;35m[Kwarning: [m[K  when initialized here [[01;35m[K-Wreorder[m[K]
[22.744s]    15 | [01;35m[KSimObject[m[K::SimObject(SimObjectConfiguration conf, IPublisher * viz, ControlAffineSystem * dyn)
[22.744s]       | [01;35m[K^~~~~~~~~[m[K
[22.771s] [01m[K/home/nick/dev_ws/src/robot_projects_simulator/src/simObject.cpp:[m[K In member function â€˜[01m[Kvoid SimObject::publishTransform()[m[Kâ€™:
[22.772s] [01m[K/home/nick/dev_ws/src/robot_projects_simulator/src/simObject.cpp:38:34:[m[K [01;31m[Kerror: [m[Kâ€˜[01m[Kclass ControlAffineSystem[m[Kâ€™ has no member named â€˜[01m[KgetTransform[m[Kâ€™
[22.772s]    38 |     tfBase.transform = dynamics->[01;31m[KgetTransform[m[K();
[22.772s]       |                                  [01;31m[K^~~~~~~~~~~~[m[K
[23.052s] [01m[K/home/nick/dev_ws/src/robot_projects_simulator/src/simulation.cpp:16:6:[m[K [01;31m[Kerror: [m[Kno declaration matches â€˜[01m[Kvoid Simulation::addObject(SimObjectConfiguration, ControlAffineSystem*, IPublisher*)[m[Kâ€™
[23.052s]    16 | void [01;31m[KSimulation[m[K::addObject(SimObjectConfiguration conf, ControlAffineSystem * sys, IPublisher * viz){
[23.053s]       |      [01;31m[K^~~~~~~~~~[m[K
[23.053s] In file included from [01m[K/home/nick/dev_ws/src/robot_projects_simulator/src/simulation.cpp:1[m[K:
[23.053s] [01m[K/home/nick/dev_ws/src/robot_projects_simulator/include/simulation.h:31:10:[m[K [01;36m[Knote: [m[Kcandidate is: â€˜[01m[Kvoid Simulation::addObject(std::string, ControlAffineSystem*, IPublisher*)[m[Kâ€™
[23.053s]    31 |     void [01;36m[KaddObject[m[K(string name, ControlAffineSystem * sys, IPublisher * viz);
[23.053s]       |          [01;36m[K^~~~~~~~~[m[K
[23.054s] [01m[K/home/nick/dev_ws/src/robot_projects_simulator/include/simulation.h:19:7:[m[K [01;36m[Knote: [m[Kâ€˜[01m[Kclass Simulation[m[Kâ€™ defined here
[23.054s]    19 | class [01;36m[KSimulation[m[K : public Node {
[23.054s]       |       [01;36m[K^~~~~~~~~~[m[K
[23.865s] make[2]: *** [CMakeFiles/robot_projects_simulator.dir/build.make:63: CMakeFiles/robot_projects_simulator.dir/src/executables/simple_sim.cpp.o] Error 1
[24.062s] In file included from [01m[K/usr/include/x86_64-linux-gnu/c++/9/bits/c++allocator.h:33[m[K,
[24.063s]                  from [01m[K/usr/include/c++/9/bits/allocator.h:46[m[K,
[24.063s]                  from [01m[K/usr/include/c++/9/memory:63[m[K,
[24.063s]                  from [01m[K/opt/ros/foxy/include/rclcpp/rclcpp.hpp:144[m[K,
[24.063s]                  from [01m[K/home/nick/dev_ws/src/robot_projects_simulator/include/ipublisher.h:4[m[K,
[24.063s]                  from [01m[K/home/nick/dev_ws/src/robot_projects_simulator/include/simObject.h:4[m[K,
[24.064s]                  from [01m[K/home/nick/dev_ws/src/robot_projects_simulator/src/simObject.cpp:1[m[K:
[24.064s] /usr/include/c++/9/ext/new_allocator.h: In instantiation of â€˜[01m[Kvoid __gnu_cxx::new_allocator<_Tp>::construct(_Up*, _Args&& ...) [with _Up = tf2_ros::TransformListener; _Args = {std::shared_ptr<tf2_ros::Buffer>&}; _Tp = tf2_ros::TransformListener][m[Kâ€™:
[24.064s] [01m[K/usr/include/c++/9/bits/alloc_traits.h:482:2:[m[K   required from â€˜[01m[Kstatic void std::allocator_traits<std::allocator<_Tp1> >::construct(std::allocator_traits<std::allocator<_Tp1> >::allocator_type&, _Up*, _Args&& ...) [with _Up = tf2_ros::TransformListener; _Args = {std::shared_ptr<tf2_ros::Buffer>&}; _Tp = tf2_ros::TransformListener; std::allocator_traits<std::allocator<_Tp1> >::allocator_type = std::allocator<tf2_ros::TransformListener>][m[Kâ€™
[24.064s] [01m[K/usr/include/c++/9/bits/shared_ptr_base.h:548:39:[m[K   required from â€˜[01m[Kstd::_Sp_counted_ptr_inplace<_Tp, _Alloc, _Lp>::_Sp_counted_ptr_inplace(_Alloc, _Args&& ...) [with _Args = {std::shared_ptr<tf2_ros::Buffer>&}; _Tp = tf2_ros::TransformListener; _Alloc = std::allocator<tf2_ros::TransformListener>; __gnu_cxx::_Lock_policy _Lp = __gnu_cxx::_S_atomic][m[Kâ€™
[24.064s] [01m[K/usr/include/c++/9/bits/shared_ptr_base.h:679:16:[m[K   required from â€˜[01m[Kstd::__shared_count<_Lp>::__shared_count(_Tp*&, std::_Sp_alloc_shared_tag<_Alloc>, _Args&& ...) [with _Tp = tf2_ros::TransformListener; _Alloc = std::allocator<tf2_ros::TransformListener>; _Args = {std::shared_ptr<tf2_ros::Buffer>&}; __gnu_cxx::_Lock_policy _Lp = __gnu_cxx::_S_atomic][m[Kâ€™
[24.064s] [01m[K/usr/include/c++/9/bits/shared_ptr_base.h:1344:71:[m[K   required from â€˜[01m[Kstd::__shared_ptr<_Tp, _Lp>::__shared_ptr(std::_Sp_alloc_shared_tag<_Tp>, _Args&& ...) [with _Alloc = std::allocator<tf2_ros::TransformListener>; _Args = {std::shared_ptr<tf2_ros::Buffer>&}; _Tp = tf2_ros::TransformListener; __gnu_cxx::_Lock_policy _Lp = __gnu_cxx::_S_atomic][m[Kâ€™
[24.065s] [01m[K/usr/include/c++/9/bits/shared_ptr.h:359:59:[m[K   required from â€˜[01m[Kstd::shared_ptr<_Tp>::shared_ptr(std::_Sp_alloc_shared_tag<_Tp>, _Args&& ...) [with _Alloc = std::allocator<tf2_ros::TransformListener>; _Args = {std::shared_ptr<tf2_ros::Buffer>&}; _Tp = tf2_ros::TransformListener][m[Kâ€™
[24.065s] [01m[K/usr/include/c++/9/bits/shared_ptr.h:701:14:[m[K   required from â€˜[01m[Kstd::shared_ptr<_Tp> std::allocate_shared(const _Alloc&, _Args&& ...) [with _Tp = tf2_ros::TransformListener; _Alloc = std::allocator<tf2_ros::TransformListener>; _Args = {std::shared_ptr<tf2_ros::Buffer>&}][m[Kâ€™
[24.065s] [01m[K/usr/include/c++/9/bits/shared_ptr.h:717:39:[m[K   required from â€˜[01m[Kstd::shared_ptr<_Tp> std::make_shared(_Args&& ...) [with _Tp = tf2_ros::TransformListener; _Args = {std::shared_ptr<tf2_ros::Buffer>&}][m[Kâ€™
[24.065s] [01m[K/home/nick/dev_ws/src/robot_projects_simulator/src/simObject.cpp:66:66:[m[K   required from here
[24.065s] [01m[K/usr/include/c++/9/ext/new_allocator.h:145:20:[m[K [01;31m[Kerror: [m[Kno matching function for call to â€˜[01m[Ktf2_ros::TransformListener::TransformListener(std::shared_ptr<tf2_ros::Buffer>&)[m[Kâ€™
[24.065s]   145 |  noexcept(noexcept([01;31m[K::new((void *)__p)[m[K
[24.066s]       |                    [01;31m[K^~~~~~~~~~~~~~~~~~[m[K
[24.066s]   146 | [01;31m[K       _Up(std::forward<_Args>(__args)...)[m[K))
[24.066s]       |        [01;31m[K~~~~~~~~~~~~~~~~~~~~~~~~~~~~~~~~~~~[m[K
[24.066s] In file included from [01m[K/home/nick/dev_ws/src/robot_projects_simulator/include/simObject.h:9[m[K,
[24.066s]                  from [01m[K/home/nick/dev_ws/src/robot_projects_simulator/src/simObject.cpp:1[m[K:
[24.066s] [01m[K/opt/ros/foxy/include/tf2_ros/transform_listener.h:58:3:[m[K [01;36m[Knote: [m[Kcandidate: â€˜[01m[Ktemplate<class NodeT, class AllocatorT> tf2_ros::TransformListener::TransformListener(tf2::BufferCore&, NodeT&&, bool, const rclcpp::QoS&, const rclcpp::QoS&, const rclcpp::SubscriptionOptionsWithAllocator<AllocatorT>&)[m[Kâ€™
[24.067s]    58 |   [01;36m[KTransformListener[m[K(
[24.067s]       |   [01;36m[K^~~~~~~~~~~~~~~~~[m[K
[24.067s] [01m[K/opt/ros/foxy/include/tf2_ros/transform_listener.h:58:3:[m[K [01;36m[Knote: [m[K  template argument deduction/substitution failed:
[24.067s] In file included from [01m[K/usr/include/x86_64-linux-gnu/c++/9/bits/c++allocator.h:33[m[K,
[24.067s]                  from [01m[K/usr/include/c++/9/bits/allocator.h:46[m[K,
[24.068s]                  from [01m[K/usr/include/c++/9/memory:63[m[K,
[24.068s]                  from [01m[K/opt/ros/foxy/include/rclcpp/rclcpp.hpp:144[m[K,
[24.068s]                  from [01m[K/home/nick/dev_ws/src/robot_projects_simulator/include/ipublisher.h:4[m[K,
[24.068s]                  from [01m[K/home/nick/dev_ws/src/robot_projects_simulator/include/simObject.h:4[m[K,
[24.068s]                  from [01m[K/home/nick/dev_ws/src/robot_projects_simulator/src/simObject.cpp:1[m[K:
[24.068s] [01m[K/usr/include/c++/9/ext/new_allocator.h:145:20:[m[K [01;36m[Knote: [m[K  candidate expects 6 arguments, 1 provided
[24.069s]   145 |  noexcept(noexcept([01;36m[K::new((void *)__p)[m[K
[24.069s]       |                    [01;36m[K^~~~~~~~~~~~~~~~~~[m[K
[24.069s]   146 | [01;36m[K       _Up(std::forward<_Args>(__args)...)[m[K))
[24.069s]       |        [01;36m[K~~~~~~~~~~~~~~~~~~~~~~~~~~~~~~~~~~~[m[K
[24.069s] In file included from [01m[K/home/nick/dev_ws/src/robot_projects_simulator/include/simObject.h:9[m[K,
[24.069s]                  from [01m[K/home/nick/dev_ws/src/robot_projects_simulator/src/simObject.cpp:1[m[K:
[24.070s] [01m[K/opt/ros/foxy/include/tf2_ros/transform_listener.h:55:12:[m[K [01;36m[Knote: [m[Kcandidate: â€˜[01m[Ktf2_ros::TransformListener::TransformListener(tf2::BufferCore&, bool)[m[Kâ€™
[24.070s]    55 |   explicit [01;36m[KTransformListener[m[K(tf2::BufferCore & buffer, bool spin_thread = true);
[24.070s]       |            [01;36m[K^~~~~~~~~~~~~~~~~[m[K
[24.070s] [01m[K/opt/ros/foxy/include/tf2_ros/transform_listener.h:55:48:[m[K [01;36m[Knote: [m[K  no known conversion for argument 1 from â€˜[01m[Kstd::shared_ptr<tf2_ros::Buffer>[m[Kâ€™ to â€˜[01m[Ktf2::BufferCore&[m[Kâ€™
[24.070s]    55 |   explicit TransformListener([01;36m[Ktf2::BufferCore & buffer[m[K, bool spin_thread = true);
[24.070s]       |                              [01;36m[K~~~~~~~~~~~~~~~~~~^~~~~~[m[K
[24.411s] In file included from [01m[K/opt/ros/foxy/include/rclcpp/create_publisher.hpp:21[m[K,
[24.411s]                  from [01m[K/opt/ros/foxy/include/rclcpp/node_impl.hpp:39[m[K,
[24.411s]                  from [01m[K/opt/ros/foxy/include/rclcpp/node.hpp:1221[m[K,
[24.412s]                  from [01m[K/opt/ros/foxy/include/rclcpp/executors/single_threaded_executor.hpp:28[m[K,
[24.412s]                  from [01m[K/opt/ros/foxy/include/rclcpp/executors.hpp:22[m[K,
[24.412s]                  from [01m[K/opt/ros/foxy/include/rclcpp/rclcpp.hpp:146[m[K,
[24.412s]                  from [01m[K/home/nick/dev_ws/src/robot_projects_simulator/include/ipublisher.h:4[m[K,
[24.413s]                  from [01m[K/home/nick/dev_ws/src/robot_projects_simulator/include/simObject.h:4[m[K,
[24.413s]                  from [01m[K/home/nick/dev_ws/src/robot_projects_simulator/src/simObject.cpp:1[m[K:
[24.413s] /opt/ros/foxy/include/rclcpp/node_interfaces/get_node_topics_interface.hpp: In instantiation of â€˜[01m[Kstd::shared_ptr<rclcpp::node_interfaces::NodeTopicsInterface> rclcpp::node_interfaces::get_node_topics_interface(NodeType&&) [with NodeType = std::shared_ptr<tf2_ros::Buffer>&; typename std::enable_if<rcpputils::is_pointer<T>::value, int>::type <anonymous> = 0][m[Kâ€™:
[24.413s] [01m[K/opt/ros/foxy/include/rclcpp/create_publisher.hpp:54:47:[m[K   required from â€˜[01m[Kstd::shared_ptr<PublisherT> rclcpp::create_publisher(NodeT&, const string&, const rclcpp::QoS&, const rclcpp::PublisherOptionsWithAllocator<AllocatorT>&) [with MessageT = tf2_msgs::msg::TFMessage_<std::allocator<void> >; AllocatorT = std::allocator<void>; PublisherT = rclcpp::Publisher<tf2_msgs::msg::TFMessage_<std::allocator<void> > >; NodeT = std::shared_ptr<tf2_ros::Buffer>; std::string = std::__cxx11::basic_string<char>][m[Kâ€™
[24.414s] [01m[K/opt/ros/foxy/include/tf2_ros/transform_broadcaster.h:59:68:[m[K   required from â€˜[01m[Ktf2_ros::TransformBroadcaster::TransformBroadcaster(NodeT&&, const rclcpp::QoS&, const rclcpp::PublisherOptionsWithAllocator<AllocatorT>&) [with NodeT = std::shared_ptr<tf2_ros::Buffer>&; AllocatorT = std::allocator<void>][m[Kâ€™
[24.414s] [01m[K/usr/include/c++/9/ext/new_allocator.h:147:4:[m[K   required from â€˜[01m[Kvoid __gnu_cxx::new_allocator<_Tp>::construct(_Up*, _Args&& ...) [with _Up = tf2_ros::TransformBroadcaster; _Args = {std::shared_ptr<tf2_ros::Buffer>&}; _Tp = tf2_ros::TransformBroadcaster][m[Kâ€™
[24.414s] [01m[K/usr/include/c++/9/bits/alloc_traits.h:484:4:[m[K   required from â€˜[01m[Kstatic void std::allocator_traits<std::allocator<_Tp1> >::construct(std::allocator_traits<std::allocator<_Tp1> >::allocator_type&, _Up*, _Args&& ...) [with _Up = tf2_ros::TransformBroadcaster; _Args = {std::shared_ptr<tf2_ros::Buffer>&}; _Tp = tf2_ros::TransformBroadcaster; std::allocator_traits<std::allocator<_Tp1> >::allocator_type = std::allocator<tf2_ros::TransformBroadcaster>][m[Kâ€™
[24.414s] [01m[K/usr/include/c++/9/bits/shared_ptr_base.h:548:39:[m[K   required from â€˜[01m[Kstd::_Sp_counted_ptr_inplace<_Tp, _Alloc, _Lp>::_Sp_counted_ptr_inplace(_Alloc, _Args&& ...) [with _Args = {std::shared_ptr<tf2_ros::Buffer>&}; _Tp = tf2_ros::TransformBroadcaster; _Alloc = std::allocator<tf2_ros::TransformBroadcaster>; __gnu_cxx::_Lock_policy _Lp = __gnu_cxx::_S_atomic][m[Kâ€™
[24.415s] [01m[K/usr/include/c++/9/bits/shared_ptr_base.h:679:16:[m[K   required from â€˜[01m[Kstd::__shared_count<_Lp>::__shared_count(_Tp*&, std::_Sp_alloc_shared_tag<_Alloc>, _Args&& ...) [with _Tp = tf2_ros::TransformBroadcaster; _Alloc = std::allocator<tf2_ros::TransformBroadcaster>; _Args = {std::shared_ptr<tf2_ros::Buffer>&}; __gnu_cxx::_Lock_policy _Lp = __gnu_cxx::_S_atomic][m[Kâ€™
[24.431s] [01m[K/usr/include/c++/9/bits/shared_ptr_base.h:1344:71:[m[K   required from â€˜[01m[Kstd::__shared_ptr<_Tp, _Lp>::__shared_ptr(std::_Sp_alloc_shared_tag<_Tp>, _Args&& ...) [with _Alloc = std::allocator<tf2_ros::TransformBroadcaster>; _Args = {std::shared_ptr<tf2_ros::Buffer>&}; _Tp = tf2_ros::TransformBroadcaster; __gnu_cxx::_Lock_policy _Lp = __gnu_cxx::_S_atomic][m[Kâ€™
[24.431s] [01m[K/usr/include/c++/9/bits/shared_ptr.h:359:59:[m[K   required from â€˜[01m[Kstd::shared_ptr<_Tp>::shared_ptr(std::_Sp_alloc_shared_tag<_Tp>, _Args&& ...) [with _Alloc = std::allocator<tf2_ros::TransformBroadcaster>; _Args = {std::shared_ptr<tf2_ros::Buffer>&}; _Tp = tf2_ros::TransformBroadcaster][m[Kâ€™
[24.431s] [01m[K/usr/include/c++/9/bits/shared_ptr.h:701:14:[m[K   required from â€˜[01m[Kstd::shared_ptr<_Tp> std::allocate_shared(const _Alloc&, _Args&& ...) [with _Tp = tf2_ros::TransformBroadcaster; _Alloc = std::allocator<tf2_ros::TransformBroadcaster>; _Args = {std::shared_ptr<tf2_ros::Buffer>&}][m[Kâ€™
[24.432s] [01m[K/usr/include/c++/9/bits/shared_ptr.h:717:39:[m[K   required from â€˜[01m[Kstd::shared_ptr<_Tp> std::make_shared(_Args&& ...) [with _Tp = tf2_ros::TransformBroadcaster; _Args = {std::shared_ptr<tf2_ros::Buffer>&}][m[Kâ€™
[24.432s] [01m[K/home/nick/dev_ws/src/robot_projects_simulator/src/simObject.cpp:67:70:[m[K   required from here
[24.432s] [01m[K/opt/ros/foxy/include/rclcpp/node_interfaces/get_node_topics_interface.hpp:75:56:[m[K [01;31m[Kerror: [m[Kno matching function for call to â€˜[01m[Kget_node_topics_interface_from_pointer(std::shared_ptr<tf2_ros::Buffer>&)[m[Kâ€™
[24.432s]    75 |   return [01;31m[Kdetail::get_node_topics_interface_from_pointer(node)[m[K;
[24.433s]       |          [01;31m[K~~~~~~~~~~~~~~~~~~~~~~~~~~~~~~~~~~~~~~~~~~~~~~^~~~~~[m[K
[24.433s] [01m[K/opt/ros/foxy/include/rclcpp/node_interfaces/get_node_topics_interface.hpp:53:1:[m[K [01;36m[Knote: [m[Kcandidate: â€˜[01m[Ktemplate<class NodeType, typename std::enable_if<rclcpp::node_interfaces::has_node_topics_interface<typename rcpputils::remove_pointer<T>::type>::value, int>::type <anonymous> > std::shared_ptr<rclcpp::node_interfaces::NodeTopicsInterface> rclcpp::node_interfaces::detail::get_node_topics_interface_from_pointer(NodeType)[m[Kâ€™
[24.433s]    53 | [01;36m[Kget_node_topics_interface_from_pointer[m[K(NodeType node_pointer)
[24.433s]       | [01;36m[K^~~~~~~~~~~~~~~~~~~~~~~~~~~~~~~~~~~~~~[m[K
[24.434s] [01m[K/opt/ros/foxy/include/rclcpp/node_interfaces/get_node_topics_interface.hpp:53:1:[m[K [01;36m[Knote: [m[K  template argument deduction/substitution failed:
[24.434s] [01m[K/opt/ros/foxy/include/rclcpp/node_interfaces/get_node_topics_interface.hpp:50:26:[m[K [01;31m[Kerror: [m[Kno type named â€˜[01m[Ktype[m[Kâ€™ in â€˜[01m[Kstruct std::enable_if<false, int>[m[Kâ€™
[24.434s]    50 |   >::value, int>::type = [01;31m[K0[m[K
[24.434s]       |                          [01;31m[K^[m[K
[24.894s] make[2]: *** [CMakeFiles/robot_projects_simulator.dir/build.make:102: CMakeFiles/robot_projects_simulator.dir/src/simulation.cpp.o] Error 1
[26.004s] make[2]: *** [CMakeFiles/robot_projects_simulator.dir/build.make:89: CMakeFiles/robot_projects_simulator.dir/src/simObject.cpp.o] Error 1
[26.006s] make[1]: *** [CMakeFiles/Makefile2:107: CMakeFiles/robot_projects_simulator.dir/all] Error 2
[26.011s] make: *** [Makefile:141: all] Error 2
[26.012s] Invoked command in '/home/nick/dev_ws/src/build/robot_projects_simulator' returned '2': CMAKE_PREFIX_PATH=${CMAKE_PREFIX_PATH}:/opt/ros/foxy /usr/bin/cmake --build /home/nick/dev_ws/src/build/robot_projects_simulator -- -j4 -l4
