[35m[1mScanning dependencies of target robot_projects_simulator[0m
[ 10%] [32mBuilding CXX object CMakeFiles/robot_projects_simulator.dir/src/simulation.cpp.o[0m
[ 20%] [32m[1mLinking CXX shared library librobot_projects_simulator.so[0m
[ 80%] Built target robot_projects_simulator
[35m[1mScanning dependencies of target simple_sim[0m
[ 90%] [32mBuilding CXX object CMakeFiles/simple_sim.dir/src/executables/simple_sim.cpp.o[0m
[100%] [32m[1mLinking CXX executable simple_sim[0m
/usr/bin/ld: librobot_projects_simulator.so: undefined reference to `tf2_ros::TransformBroadcaster::sendTransform(geometry_msgs::msg::TransformStamped_<std::allocator<void> > const&)'
/usr/bin/ld: librobot_projects_simulator.so: undefined reference to `tf2_ros::Buffer::Buffer(std::shared_ptr<rclcpp::Clock>, std::chrono::duration<long, std::ratio<1l, 1000000000l> >)'
/usr/bin/ld: librobot_projects_simulator.so: undefined reference to `tf2_ros::TransformListener::TransformListener(tf2::BufferCore&, bool)'
/usr/bin/ld: librobot_projects_simulator.so: undefined reference to `rosidl_message_type_support_t const* rosidl_typesupport_cpp::get_message_type_support_handle<tf2_msgs::msg::TFMessage_<std::allocator<void> > >()'
collect2: error: ld returned 1 exit status
make[2]: *** [CMakeFiles/simple_sim.dir/build.make:144: simple_sim] Error 1
make[1]: *** [CMakeFiles/Makefile2:80: CMakeFiles/simple_sim.dir/all] Error 2
make: *** [Makefile:141: all] Error 2
