[35m[1mScanning dependencies of target robot_projects_simulator[0m
[ 10%] [32mBuilding CXX object CMakeFiles/robot_projects_simulator.dir/src/executables/simple_sim.cpp.o[0m
[01m[K/home/nick/dev_ws/src/robot_projects_simulator/src/executables/simple_sim.cpp:[m[K In function â€˜[01m[Kint main(int, char**)[m[Kâ€™:
[01m[K/home/nick/dev_ws/src/robot_projects_simulator/src/executables/simple_sim.cpp:31:8:[m[K [01;31m[Kerror: [m[Kâ€˜[01m[Kclass SimObjectConfiguration[m[Kâ€™ has no member named â€˜[01m[Kframe_id[m[Kâ€™; did you mean â€˜[01m[KframeId[m[Kâ€™?
   31 |   conf.[01;31m[Kframe_id[m[K = "base_link";
      |        [01;31m[K^~~~~~~~[m[K
      |        [32m[KframeId[m[K
[01m[K/home/nick/dev_ws/src/robot_projects_simulator/src/executables/simple_sim.cpp:37:18:[m[K [01;31m[Kerror: [m[Kcannot convert â€˜[01m[Kconst char [11][m[Kâ€™ to â€˜[01m[KSimObjectConfiguration[m[Kâ€™
   37 |   sim->addObject([01;31m[K"diff_drive"[m[K, &dyn, &viz);
      |                  [01;31m[K^~~~~~~~~~~~[m[K
      |                  [01;31m[K|[m[K
      |                  [01;31m[Kconst char [11][m[K
In file included from [01m[K/home/nick/dev_ws/src/robot_projects_simulator/src/executables/simple_sim.cpp:5[m[K:
[01m[K/home/nick/dev_ws/src/robot_projects_simulator/include/simulation.h:31:43:[m[K [01;36m[Knote: [m[K  initializing argument 1 of â€˜[01m[Kvoid Simulation::addObject(SimObjectConfiguration, ControlAffineSystem*, IPublisher*)[m[Kâ€™
   31 |     void addObject([01;36m[KSimObjectConfiguration conf[m[K, ControlAffineSystem * sys, IPublisher * viz);
      |                    [01;36m[K~~~~~~~~~~~~~~~~~~~~~~~^~~~[m[K
make[2]: *** [CMakeFiles/robot_projects_simulator.dir/build.make:63: CMakeFiles/robot_projects_simulator.dir/src/executables/simple_sim.cpp.o] Error 1
make[1]: *** [CMakeFiles/Makefile2:107: CMakeFiles/robot_projects_simulator.dir/all] Error 2
make: *** [Makefile:141: all] Error 2
