[0.386s] Invoking command in '/home/nick/dev_ws/src/build/robot_projects_simulator': CMAKE_PREFIX_PATH=${CMAKE_PREFIX_PATH}:/opt/ros/foxy /usr/bin/cmake --build /home/nick/dev_ws/src/build/robot_projects_simulator -- -j4 -l4
[0.530s] [35m[1mScanning dependencies of target robot_projects_simulator[0m
[0.682s] [ 10%] [32mBuilding CXX object CMakeFiles/robot_projects_simulator.dir/src/executables/simple_sim.cpp.o[0m
[4.838s] [01m[K/home/nick/dev_ws/src/robot_projects_simulator/src/executables/simple_sim.cpp:[m[K In function â€˜[01m[Kint main(int, char**)[m[Kâ€™:
[4.839s] [01m[K/home/nick/dev_ws/src/robot_projects_simulator/src/executables/simple_sim.cpp:31:8:[m[K [01;31m[Kerror: [m[Kâ€˜[01m[Kclass SimObjectConfiguration[m[Kâ€™ has no member named â€˜[01m[Kframe_id[m[Kâ€™; did you mean â€˜[01m[KframeId[m[Kâ€™?
[4.839s]    31 |   conf.[01;31m[Kframe_id[m[K = "base_link";
[4.839s]       |        [01;31m[K^~~~~~~~[m[K
[4.840s]       |        [32m[KframeId[m[K
[4.840s] [01m[K/home/nick/dev_ws/src/robot_projects_simulator/src/executables/simple_sim.cpp:37:18:[m[K [01;31m[Kerror: [m[Kcannot convert â€˜[01m[Kconst char [11][m[Kâ€™ to â€˜[01m[KSimObjectConfiguration[m[Kâ€™
[4.840s]    37 |   sim->addObject([01;31m[K"diff_drive"[m[K, &dyn, &viz);
[4.840s]       |                  [01;31m[K^~~~~~~~~~~~[m[K
[4.840s]       |                  [01;31m[K|[m[K
[4.841s]       |                  [01;31m[Kconst char [11][m[K
[4.841s] In file included from [01m[K/home/nick/dev_ws/src/robot_projects_simulator/src/executables/simple_sim.cpp:5[m[K:
[4.841s] [01m[K/home/nick/dev_ws/src/robot_projects_simulator/include/simulation.h:31:43:[m[K [01;36m[Knote: [m[K  initializing argument 1 of â€˜[01m[Kvoid Simulation::addObject(SimObjectConfiguration, ControlAffineSystem*, IPublisher*)[m[Kâ€™
[4.846s]    31 |     void addObject([01;36m[KSimObjectConfiguration conf[m[K, ControlAffineSystem * sys, IPublisher * viz);
[4.846s]       |                    [01;36m[K~~~~~~~~~~~~~~~~~~~~~~~^~~~[m[K
[6.568s] make[2]: *** [CMakeFiles/robot_projects_simulator.dir/build.make:63: CMakeFiles/robot_projects_simulator.dir/src/executables/simple_sim.cpp.o] Error 1
[6.568s] make[1]: *** [CMakeFiles/Makefile2:107: CMakeFiles/robot_projects_simulator.dir/all] Error 2
[6.574s] make: *** [Makefile:141: all] Error 2
[6.621s] Invoked command in '/home/nick/dev_ws/src/build/robot_projects_simulator' returned '2': CMAKE_PREFIX_PATH=${CMAKE_PREFIX_PATH}:/opt/ros/foxy /usr/bin/cmake --build /home/nick/dev_ws/src/build/robot_projects_simulator -- -j4 -l4
